<?xml version="1.0" encoding="UTF-8"?>
<testng-results ignored="0" total="3" passed="3" failed="0" skipped="0">
  <reporter-output>
  </reporter-output>
  <suite started-at="2024-03-13T14:43:53Z" name="Suite" finished-at="2024-03-13T14:44:42Z" duration-ms="48955">
    <groups>
    </groups>
    <test started-at="2024-03-13T14:43:53Z" name="Test" finished-at="2024-03-13T14:44:42Z" duration-ms="48955">
      <class name="TestNGExecution.Sumo">
        <test-method signature="sumo()[pri:0, instance:TestNGExecution.Sumo@1339e7aa]" started-at="2024-03-13T14:44:36Z" name="sumo" finished-at="2024-03-13T14:44:42Z" duration-ms="5207" status="PASS">
          <reporter-output>
          </reporter-output>
        </test-method> <!-- sumo -->
      </class> <!-- TestNGExecution.Sumo -->
      <class name="TestNGExecution.Remo">
        <test-method signature="remo()[pri:0, instance:TestNGExecution.Remo@38b27cdc]" started-at="2024-03-13T14:44:30Z" name="remo" finished-at="2024-03-13T14:44:36Z" duration-ms="6325" status="PASS">
          <reporter-output>
          </reporter-output>
        </test-method> <!-- remo -->
      </class> <!-- TestNGExecution.Remo -->
      <class name="TestNGExecution.Demo">
        <test-method signature="demo()[pri:0, instance:TestNGExecution.Demo@54504ecd]" started-at="2024-03-13T14:43:53Z" name="demo" finished-at="2024-03-13T14:44:30Z" duration-ms="37351" status="PASS">
          <reporter-output>
          </reporter-output>
        </test-method> <!-- demo -->
      </class> <!-- TestNGExecution.Demo -->
    </test> <!-- Test -->
  </suite> <!-- Suite -->
</testng-results>
