<?xml version="1.0" encoding="UTF-8"?>
<!-- Generated by org.testng.reporters.JUnitXMLReporter -->
<testsuite ignored="0" hostname="LAPTOP-D411V05S" failures="0" tests="3" name="Default test" time="0.047" errors="0" timestamp="13 Mar 2024 13:54:04 GMT">
  <testcase classname="LearningTestNG.Annotations" name="test1" time="0.007"/>
  <testcase classname="LearningTestNG.Annotations" name="test2" time="0.002"/>
  <testcase classname="LearningTestNG.Annotations" name="test3" time="0.002"/>
</testsuite> <!-- Default test -->
